<?xml version="1.0" encoding="UTF-8"?>
<testsuite name="com.jojoldu.book.springboot.domain.posts.PostsRepositoryTest" tests="2" skipped="0" failures="0" errors="0" timestamp="2021-01-27T04:43:34" hostname="khjeong-NL5xRU" time="0.045">
  <properties/>
  <testcase name="게시글저장_불러오기()" classname="com.jojoldu.book.springboot.domain.posts.PostsRepositoryTest" time="0.018"/>
  <testcase name="BaseTimeEntity_등록()" classname="com.jojoldu.book.springboot.domain.posts.PostsRepositoryTest" time="0.025"/>
  <system-out><![CDATA[2021-01-27 13:43:33.368  INFO 8721 --- [    Test worker] .b.t.c.SpringBootTestContextBootstrapper : Neither @ContextConfiguration nor @ContextHierarchy found for test class [com.jojoldu.book.springboot.domain.posts.PostsRepositoryTest], using SpringBootContextLoader
2021-01-27 13:43:33.368  INFO 8721 --- [    Test worker] o.s.t.c.support.AbstractContextLoader    : Could not detect default resource locations for test class [com.jojoldu.book.springboot.domain.posts.PostsRepositoryTest]: no resource found for suffixes {-context.xml, Context.groovy}.
2021-01-27 13:43:33.368  INFO 8721 --- [    Test worker] t.c.s.AnnotationConfigContextLoaderUtils : Could not detect default configuration classes for test class [com.jojoldu.book.springboot.domain.posts.PostsRepositoryTest]: PostsRepositoryTest does not declare any static, non-private, non-final, nested classes annotated with @Configuration.
2021-01-27 13:43:33.374  INFO 8721 --- [    Test worker] .b.t.c.SpringBootTestContextBootstrapper : Found @SpringBootConfiguration com.jojoldu.book.springboot.Application for test class com.jojoldu.book.springboot.domain.posts.PostsRepositoryTest
2021-01-27 13:43:33.376  INFO 8721 --- [    Test worker] .b.t.c.SpringBootTestContextBootstrapper : Loaded default TestExecutionListener class names from location [META-INF/spring.factories]: [org.springframework.security.test.context.support.WithSecurityContextTestExecutionListener, org.springframework.security.test.context.support.ReactorContextTestExecutionListener, org.springframework.boot.test.autoconfigure.restdocs.RestDocsTestExecutionListener, org.springframework.boot.test.autoconfigure.web.client.MockRestServiceServerResetTestExecutionListener, org.springframework.boot.test.autoconfigure.web.servlet.MockMvcPrintOnlyOnFailureTestExecutionListener, org.springframework.boot.test.autoconfigure.web.servlet.WebDriverTestExecutionListener, org.springframework.boot.test.autoconfigure.webservices.client.MockWebServiceServerTestExecutionListener, org.springframework.boot.test.mock.mockito.MockitoTestExecutionListener, org.springframework.boot.test.mock.mockito.ResetMocksTestExecutionListener, org.springframework.test.context.web.ServletTestExecutionListener, org.springframework.test.context.support.DirtiesContextBeforeModesTestExecutionListener, org.springframework.test.context.support.DependencyInjectionTestExecutionListener, org.springframework.test.context.support.DirtiesContextTestExecutionListener, org.springframework.test.context.transaction.TransactionalTestExecutionListener, org.springframework.test.context.jdbc.SqlScriptsTestExecutionListener, org.springframework.test.context.event.EventPublishingTestExecutionListener]
2021-01-27 13:43:33.379  INFO 8721 --- [    Test worker] .b.t.c.SpringBootTestContextBootstrapper : Using TestExecutionListeners: [org.springframework.test.context.web.ServletTestExecutionListener@1c36fc26, org.springframework.test.context.support.DirtiesContextBeforeModesTestExecutionListener@a6cc38d, org.springframework.boot.test.mock.mockito.MockitoTestExecutionListener@5e78058, org.springframework.boot.test.autoconfigure.SpringBootDependencyInjectionTestExecutionListener@62be0670, org.springframework.test.context.support.DirtiesContextTestExecutionListener@49c211cd, org.springframework.test.context.transaction.TransactionalTestExecutionListener@25ded3d3, org.springframework.test.context.jdbc.SqlScriptsTestExecutionListener@1c826270, org.springframework.security.test.context.support.WithSecurityContextTestExecutionListener@e9d6a16, org.springframework.test.context.event.EventPublishingTestExecutionListener@57084e71, org.springframework.security.test.context.support.ReactorContextTestExecutionListener@41b4f08, org.springframework.boot.test.autoconfigure.restdocs.RestDocsTestExecutionListener@b853c19, org.springframework.boot.test.autoconfigure.web.client.MockRestServiceServerResetTestExecutionListener@6e2d2aa5, org.springframework.boot.test.autoconfigure.web.servlet.MockMvcPrintOnlyOnFailureTestExecutionListener@7b439ad7, org.springframework.boot.test.autoconfigure.web.servlet.WebDriverTestExecutionListener@25fef9b8, org.springframework.boot.test.autoconfigure.webservices.client.MockWebServiceServerTestExecutionListener@7b97cea, org.springframework.boot.test.mock.mockito.ResetMocksTestExecutionListener@c616ba]

  .   ____          _            __ _ _
 /\\ / ___'_ __ _ _(_)_ __  __ _ \ \ \ \
( ( )\___ | '_ | '_| | '_ \/ _` | \ \ \ \
 \\/  ___)| |_)| | | | | || (_| |  ) ) ) )
  '  |____| .__|_| |_|_| |_\__, | / / / /
 =========|_|==============|___/=/_/_/_/
 :: Spring Boot ::                (v2.4.1)

2021-01-27 13:43:33.395  INFO 8721 --- [    Test worker] c.j.b.s.d.posts.PostsRepositoryTest      : Starting PostsRepositoryTest using Java 1.8.0_275 on khjeong-NL5xRU with PID 8721 (started by kh-jeong in /home/kh-jeong/git_repo/springboot_and_aws_exam_project)
2021-01-27 13:43:33.395  INFO 8721 --- [    Test worker] c.j.b.s.d.posts.PostsRepositoryTest      : The following profiles are active: google
2021-01-27 13:43:33.540  INFO 8721 --- [    Test worker] .s.d.r.c.RepositoryConfigurationDelegate : Bootstrapping Spring Data JPA repositories in DEFAULT mode.
2021-01-27 13:43:33.548  INFO 8721 --- [    Test worker] .s.d.r.c.RepositoryConfigurationDelegate : Finished Spring Data repository scanning in 7 ms. Found 2 JPA repository interfaces.
2021-01-27 13:43:33.670  INFO 8721 --- [    Test worker] com.zaxxer.hikari.HikariDataSource       : HikariPool-2 - Starting...
2021-01-27 13:43:33.672  INFO 8721 --- [    Test worker] com.zaxxer.hikari.HikariDataSource       : HikariPool-2 - Start completed.
2021-01-27 13:43:33.688  INFO 8721 --- [    Test worker] o.hibernate.jpa.internal.util.LogHelper  : HHH000204: Processing PersistenceUnitInfo [name: default]
2021-01-27 13:43:33.691  INFO 8721 --- [    Test worker] org.hibernate.dialect.Dialect            : HHH000400: Using dialect: org.hibernate.dialect.MySQL57Dialect
Hibernate: drop table if exists posts
Hibernate: drop table if exists user
Hibernate: create table posts (id bigint not null auto_increment, created_date datetime(6), modified_date datetime(6), author varchar(255), content TEXT not null, title varchar(500) not null, primary key (id)) engine=InnoDB
Hibernate: create table user (id bigint not null auto_increment, created_date datetime(6), modified_date datetime(6), email varchar(255) not null, name varchar(255) not null, picture varchar(255), role varchar(255) not null, primary key (id)) engine=InnoDB
2021-01-27 13:43:33.741  INFO 8721 --- [    Test worker] o.h.e.t.j.p.i.JtaPlatformInitiator       : HHH000490: Using JtaPlatform implementation: [org.hibernate.engine.transaction.jta.platform.internal.NoJtaPlatform]
2021-01-27 13:43:33.741  INFO 8721 --- [    Test worker] j.LocalContainerEntityManagerFactoryBean : Initialized JPA EntityManagerFactory for persistence unit 'default'
2021-01-27 13:43:33.835  WARN 8721 --- [    Test worker] JpaBaseConfiguration$JpaWebConfiguration : spring.jpa.open-in-view is enabled by default. Therefore, database queries may be performed during view rendering. Explicitly configure spring.jpa.open-in-view to disable this warning
2021-01-27 13:43:33.984  INFO 8721 --- [    Test worker] o.s.s.web.DefaultSecurityFilterChain     : Will secure any request with [org.springframework.security.web.context.request.async.WebAsyncManagerIntegrationFilter@3da491a2, org.springframework.security.web.context.SecurityContextPersistenceFilter@79d03284, org.springframework.security.web.header.HeaderWriterFilter@1ec7b180, org.springframework.security.web.authentication.logout.LogoutFilter@3e7908be, org.springframework.security.oauth2.client.web.OAuth2AuthorizationRequestRedirectFilter@4b2656e6, org.springframework.security.oauth2.client.web.OAuth2LoginAuthenticationFilter@3dbfb650, org.springframework.security.web.authentication.ui.DefaultLoginPageGeneratingFilter@7b8b07c8, org.springframework.security.web.authentication.ui.DefaultLogoutPageGeneratingFilter@75ce725d, org.springframework.security.web.savedrequest.RequestCacheAwareFilter@54dd35c2, org.springframework.security.web.servletapi.SecurityContextHolderAwareRequestFilter@7735c568, org.springframework.security.web.authentication.AnonymousAuthenticationFilter@ca69b64, org.springframework.security.web.session.SessionManagementFilter@3147aea8, org.springframework.security.web.access.ExceptionTranslationFilter@196698c4, org.springframework.security.web.access.intercept.FilterSecurityInterceptor@79d63e9d]
2021-01-27 13:43:34.111  INFO 8721 --- [    Test worker] o.s.s.concurrent.ThreadPoolTaskExecutor  : Initializing ExecutorService 'applicationTaskExecutor'
2021-01-27 13:43:34.123  INFO 8721 --- [    Test worker] o.s.b.a.h2.H2ConsoleAutoConfiguration    : H2 console available at '/h2-console'. Database available at 'jdbc:h2:mem:testdb'
2021-01-27 13:43:34.139  INFO 8721 --- [    Test worker] o.s.b.a.w.s.WelcomePageHandlerMapping    : Adding welcome page template: index
2021-01-27 13:43:34.326  INFO 8721 --- [    Test worker] s.a.ScheduledAnnotationBeanPostProcessor : No TaskScheduler/ScheduledExecutorService bean found for scheduled processing
2021-01-27 13:43:34.327  INFO 8721 --- [    Test worker] c.j.b.s.d.posts.PostsRepositoryTest      : Started PostsRepositoryTest in 0.943 seconds (JVM running for 8.18)
Hibernate: insert into posts (created_date, modified_date, author, content, title) values (?, ?, ?, ?, ?)
Hibernate: select posts0_.id as id1_0_, posts0_.created_date as created_2_0_, posts0_.modified_date as modified3_0_, posts0_.author as author4_0_, posts0_.content as content5_0_, posts0_.title as title6_0_ from posts posts0_
Hibernate: select posts0_.id as id1_0_, posts0_.created_date as created_2_0_, posts0_.modified_date as modified3_0_, posts0_.author as author4_0_, posts0_.content as content5_0_, posts0_.title as title6_0_ from posts posts0_
Hibernate: delete from posts where id=?
Hibernate: insert into posts (created_date, modified_date, author, content, title) values (?, ?, ?, ?, ?)
Hibernate: select posts0_.id as id1_0_, posts0_.created_date as created_2_0_, posts0_.modified_date as modified3_0_, posts0_.author as author4_0_, posts0_.content as content5_0_, posts0_.title as title6_0_ from posts posts0_
>>>> createDate=2021-01-27T13:43:34.353, modifiedDate=2021-01-27T13:43:34.353
Hibernate: select posts0_.id as id1_0_, posts0_.created_date as created_2_0_, posts0_.modified_date as modified3_0_, posts0_.author as author4_0_, posts0_.content as content5_0_, posts0_.title as title6_0_ from posts posts0_
Hibernate: delete from posts where id=?
]]></system-out>
  <system-err><![CDATA[]]></system-err>
</testsuite>
